Info: Starting: Create block symbol file (.bsf)
Info: qsys-generate /home/pokitoz/Desktop/DE0_SoC_LedRing/hw/quartus/system_NiosII.qsys --block-symbol-file --output-directory=/home/pokitoz/Desktop/DE0_SoC_LedRing/hw/quartus/system_NiosII --family="Cyclone V" --part=5CSEMA4U23C6
Progress: Loading quartus/system_NiosII.qsys
Progress: Reading input file
Progress: Adding Display_Segment_0 [Display_Segment 1.0]
Progress: Parameterizing module Display_Segment_0
Progress: Adding clk_0 [clock_source 15.1]
Progress: Parameterizing module clk_0
Progress: Adding jtag_uart_0 [altera_avalon_jtag_uart 15.1]
Progress: Parameterizing module jtag_uart_0
Progress: Adding nios2_gen2_0 [altera_nios2_gen2 15.1]
Progress: Parameterizing module nios2_gen2_0
Progress: Adding onchip_memory2_0 [altera_avalon_onchip_memory2 15.1]
Progress: Parameterizing module onchip_memory2_0
Progress: Building connections
Progress: Parameterizing connections
Progress: Validating
Progress: Done reading input file
Warning: system_NiosII.jtag_uart_0: Interrupt sender jtag_uart_0.irq is not connected to an interrupt receiver
Info: qsys-generate succeeded.
Info: Finished: Create block symbol file (.bsf)
Info: 
Info: Starting: Create HDL design files for synthesis
Info: qsys-generate /home/pokitoz/Desktop/DE0_SoC_LedRing/hw/quartus/system_NiosII.qsys --synthesis=VHDL --output-directory=/home/pokitoz/Desktop/DE0_SoC_LedRing/hw/quartus/system_NiosII/synthesis --family="Cyclone V" --part=5CSEMA4U23C6
Progress: Loading quartus/system_NiosII.qsys
Progress: Reading input file
Progress: Adding Display_Segment_0 [Display_Segment 1.0]
Progress: Parameterizing module Display_Segment_0
Progress: Adding clk_0 [clock_source 15.1]
Progress: Parameterizing module clk_0
Progress: Adding jtag_uart_0 [altera_avalon_jtag_uart 15.1]
Progress: Parameterizing module jtag_uart_0
Progress: Adding nios2_gen2_0 [altera_nios2_gen2 15.1]
Progress: Parameterizing module nios2_gen2_0
Progress: Adding onchip_memory2_0 [altera_avalon_onchip_memory2 15.1]
Progress: Parameterizing module onchip_memory2_0
Progress: Building connections
Progress: Parameterizing connections
Progress: Validating
Progress: Done reading input file
Warning: system_NiosII.jtag_uart_0: Interrupt sender jtag_uart_0.irq is not connected to an interrupt receiver
Info: system_NiosII: Generating system_NiosII "system_NiosII" for QUARTUS_SYNTH
Info: Display_Segment_0: "system_NiosII" instantiated Display_Segment "Display_Segment_0"
Info: jtag_uart_0: Starting RTL generation for module 'system_NiosII_jtag_uart_0'
Info: jtag_uart_0:   Generation command is [exec /home/pokitoz/altera/15.1/quartus/linux64/perl/bin/perl -I /home/pokitoz/altera/15.1/quartus/linux64/perl/lib -I /home/pokitoz/altera/15.1/quartus/sopc_builder/bin/europa -I /home/pokitoz/altera/15.1/quartus/sopc_builder/bin/perl_lib -I /home/pokitoz/altera/15.1/quartus/sopc_builder/bin -I /home/pokitoz/altera/15.1/quartus/../ip/altera/sopc_builder_ip/common -I /home/pokitoz/altera/15.1/quartus/../ip/altera/sopc_builder_ip/altera_avalon_jtag_uart -- /home/pokitoz/altera/15.1/quartus/../ip/altera/sopc_builder_ip/altera_avalon_jtag_uart/generate_rtl.pl --name=system_NiosII_jtag_uart_0 --dir=/tmp/alt7148_5301851059536212257.dir/0005_jtag_uart_0_gen/ --quartus_dir=/home/pokitoz/altera/15.1/quartus --verilog --config=/tmp/alt7148_5301851059536212257.dir/0005_jtag_uart_0_gen//system_NiosII_jtag_uart_0_component_configuration.pl  --do_build_sim=0  ]
Info: jtag_uart_0: Done RTL generation for module 'system_NiosII_jtag_uart_0'
Info: jtag_uart_0: "system_NiosII" instantiated altera_avalon_jtag_uart "jtag_uart_0"
Info: nios2_gen2_0: "system_NiosII" instantiated altera_nios2_gen2 "nios2_gen2_0"
Info: onchip_memory2_0: Starting RTL generation for module 'system_NiosII_onchip_memory2_0'
Info: onchip_memory2_0:   Generation command is [exec /home/pokitoz/altera/15.1/quartus/linux64/perl/bin/perl -I /home/pokitoz/altera/15.1/quartus/linux64/perl/lib -I /home/pokitoz/altera/15.1/quartus/sopc_builder/bin/europa -I /home/pokitoz/altera/15.1/quartus/sopc_builder/bin/perl_lib -I /home/pokitoz/altera/15.1/quartus/sopc_builder/bin -I /home/pokitoz/altera/15.1/quartus/../ip/altera/sopc_builder_ip/common -I /home/pokitoz/altera/15.1/quartus/../ip/altera/sopc_builder_ip/altera_avalon_onchip_memory2 -- /home/pokitoz/altera/15.1/quartus/../ip/altera/sopc_builder_ip/altera_avalon_onchip_memory2/generate_rtl.pl --name=system_NiosII_onchip_memory2_0 --dir=/tmp/alt7148_5301851059536212257.dir/0006_onchip_memory2_0_gen/ --quartus_dir=/home/pokitoz/altera/15.1/quartus --verilog --config=/tmp/alt7148_5301851059536212257.dir/0006_onchip_memory2_0_gen//system_NiosII_onchip_memory2_0_component_configuration.pl  --do_build_sim=0  ]
Info: onchip_memory2_0: Done RTL generation for module 'system_NiosII_onchip_memory2_0'
Info: onchip_memory2_0: "system_NiosII" instantiated altera_avalon_onchip_memory2 "onchip_memory2_0"
Info: avalon_st_adapter: Inserting error_adapter: error_adapter_0
Info: avalon_st_adapter_001: Inserting error_adapter: error_adapter_0
Info: avalon_st_adapter_002: Inserting error_adapter: error_adapter_0
Info: avalon_st_adapter_003: Inserting error_adapter: error_adapter_0
Info: mm_interconnect_0: "system_NiosII" instantiated altera_mm_interconnect "mm_interconnect_0"
Info: irq_mapper: "system_NiosII" instantiated altera_irq_mapper "irq_mapper"
Info: rst_controller: "system_NiosII" instantiated altera_reset_controller "rst_controller"
Info: cpu: Starting RTL generation for module 'system_NiosII_nios2_gen2_0_cpu'
Info: cpu:   Generation command is [exec /home/pokitoz/altera/15.1/quartus/linux64//eperlcmd -I /home/pokitoz/altera/15.1/quartus/linux64//perl/lib -I /home/pokitoz/altera/15.1/quartus/sopc_builder/bin/europa -I /home/pokitoz/altera/15.1/quartus/sopc_builder/bin/perl_lib -I /home/pokitoz/altera/15.1/quartus/sopc_builder/bin -I /home/pokitoz/altera/15.1/quartus/../ip/altera/nios2_ip/altera_nios2_gen2/cpu_lib -I /home/pokitoz/altera/15.1/quartus/../ip/altera/nios2_ip/altera_nios2_gen2/nios_lib -I /home/pokitoz/altera/15.1/quartus/../ip/altera/nios2_ip/altera_nios2_gen2 -I /home/pokitoz/altera/15.1/quartus/../ip/altera/nios2_ip/altera_nios2_gen2 -- /home/pokitoz/altera/15.1/quartus/../ip/altera/nios2_ip/altera_nios2_gen2/generate_rtl.epl --name=system_NiosII_nios2_gen2_0_cpu --dir=/tmp/alt7148_5301851059536212257.dir/0009_cpu_gen/ --quartus_bindir=/home/pokitoz/altera/15.1/quartus/linux64/ --verilog --config=/tmp/alt7148_5301851059536212257.dir/0009_cpu_gen//system_NiosII_nios2_gen2_0_cpu_processor_configuration.pl  --do_build_sim=0  ]
Info: cpu: # 2016.12.13 15:08:17 (*) Starting Nios II generation
Info: cpu: # 2016.12.13 15:08:17 (*)   Checking for plaintext license.
Info: cpu: # 2016.12.13 15:08:22 (*)   Plaintext license not found.
Info: cpu: # 2016.12.13 15:08:22 (*)   Checking for encrypted license (non-evaluation).
Info: cpu: # 2016.12.13 15:08:26 (*)   Encrypted license not found.  Defaulting to OCP evaluation license (produces a time-limited SOF)
Info: cpu: # 2016.12.13 15:08:26 (*)   Elaborating CPU configuration settings
Info: cpu: # 2016.12.13 15:08:26 (*)   Creating all objects for CPU
Info: cpu: # 2016.12.13 15:08:26 (*)     Testbench
Info: cpu: # 2016.12.13 15:08:27 (*)     Instruction decoding
Info: cpu: # 2016.12.13 15:08:27 (*)       Instruction fields
Info: cpu: # 2016.12.13 15:08:27 (*)       Instruction decodes
Info: cpu: # 2016.12.13 15:08:27 (*)       Signals for RTL simulation waveforms
Info: cpu: # 2016.12.13 15:08:27 (*)       Instruction controls
Info: cpu: # 2016.12.13 15:08:27 (*)     Pipeline frontend
Info: cpu: # 2016.12.13 15:08:27 (*)     Pipeline backend
Info: cpu: # 2016.12.13 15:08:30 (*)   Generating RTL from CPU objects
Info: cpu: # 2016.12.13 15:08:33 (*)   Creating encrypted RTL
Info: cpu: # 2016.12.13 15:08:34 (*) Done Nios II generation
Info: cpu: Done RTL generation for module 'system_NiosII_nios2_gen2_0_cpu'
Info: cpu: "nios2_gen2_0" instantiated altera_nios2_gen2_unit "cpu"
Info: nios2_gen2_0_data_master_translator: "mm_interconnect_0" instantiated altera_merlin_master_translator "nios2_gen2_0_data_master_translator"
Info: jtag_uart_0_avalon_jtag_slave_translator: "mm_interconnect_0" instantiated altera_merlin_slave_translator "jtag_uart_0_avalon_jtag_slave_translator"
Info: nios2_gen2_0_data_master_agent: "mm_interconnect_0" instantiated altera_merlin_master_agent "nios2_gen2_0_data_master_agent"
Info: jtag_uart_0_avalon_jtag_slave_agent: "mm_interconnect_0" instantiated altera_merlin_slave_agent "jtag_uart_0_avalon_jtag_slave_agent"
Info: jtag_uart_0_avalon_jtag_slave_agent_rsp_fifo: "mm_interconnect_0" instantiated altera_avalon_sc_fifo "jtag_uart_0_avalon_jtag_slave_agent_rsp_fifo"
Info: router: "mm_interconnect_0" instantiated altera_merlin_router "router"
Info: router_001: "mm_interconnect_0" instantiated altera_merlin_router "router_001"
Info: router_002: "mm_interconnect_0" instantiated altera_merlin_router "router_002"
Info: router_004: "mm_interconnect_0" instantiated altera_merlin_router "router_004"
Info: nios2_gen2_0_data_master_limiter: "mm_interconnect_0" instantiated altera_merlin_traffic_limiter "nios2_gen2_0_data_master_limiter"
Info: Reusing file /home/pokitoz/Desktop/DE0_SoC_LedRing/hw/quartus/system_NiosII/synthesis/submodules/altera_avalon_sc_fifo.v
Info: cmd_demux: "mm_interconnect_0" instantiated altera_merlin_demultiplexer "cmd_demux"
Info: cmd_demux_001: "mm_interconnect_0" instantiated altera_merlin_demultiplexer "cmd_demux_001"
Info: cmd_mux: "mm_interconnect_0" instantiated altera_merlin_multiplexer "cmd_mux"
Info: cmd_mux_002: "mm_interconnect_0" instantiated altera_merlin_multiplexer "cmd_mux_002"
Info: Reusing file /home/pokitoz/Desktop/DE0_SoC_LedRing/hw/quartus/system_NiosII/synthesis/submodules/altera_merlin_arbitrator.sv
Info: rsp_demux: "mm_interconnect_0" instantiated altera_merlin_demultiplexer "rsp_demux"
Info: rsp_demux_002: "mm_interconnect_0" instantiated altera_merlin_demultiplexer "rsp_demux_002"
Info: rsp_mux: "mm_interconnect_0" instantiated altera_merlin_multiplexer "rsp_mux"
Info: Reusing file /home/pokitoz/Desktop/DE0_SoC_LedRing/hw/quartus/system_NiosII/synthesis/submodules/altera_merlin_arbitrator.sv
Info: rsp_mux_001: "mm_interconnect_0" instantiated altera_merlin_multiplexer "rsp_mux_001"
Info: Reusing file /home/pokitoz/Desktop/DE0_SoC_LedRing/hw/quartus/system_NiosII/synthesis/submodules/altera_merlin_arbitrator.sv
Info: avalon_st_adapter: "mm_interconnect_0" instantiated altera_avalon_st_adapter "avalon_st_adapter"
Info: error_adapter_0: "avalon_st_adapter" instantiated error_adapter "error_adapter_0"
Info: system_NiosII: Done "system_NiosII" with 29 modules, 49 files
Info: qsys-generate succeeded.
Info: Finished: Create HDL design files for synthesis
